

Started GET "/home" for 127.0.0.1 at Thu Nov 04 21:16:56 -0700 2010

LoadError (no such file to load -- sqlite3):
  activesupport (3.0.1) lib/active_support/dependencies.rb:239:in `require'
  activesupport (3.0.1) lib/active_support/dependencies.rb:239:in `require'
  activesupport (3.0.1) lib/active_support/dependencies.rb:225:in `load_dependency'
  activesupport (3.0.1) lib/active_support/dependencies.rb:591:in `new_constants_in'
  activesupport (3.0.1) lib/active_support/dependencies.rb:225:in `load_dependency'
  activesupport (3.0.1) lib/active_support/dependencies.rb:239:in `require'
  activesupport (3.0.1) lib/active_support/core_ext/kernel/requires.rb:9:in `require_library_or_gem'
  activesupport (3.0.1) lib/active_support/core_ext/kernel/reporting.rb:11:in `silence_warnings'
  activesupport (3.0.1) lib/active_support/core_ext/kernel/reporting.rb:22:in `with_warnings'
  activesupport (3.0.1) lib/active_support/core_ext/kernel/reporting.rb:11:in `silence_warnings'
  activesupport (3.0.1) lib/active_support/core_ext/kernel/requires.rb:7:in `require_library_or_gem'
  activerecord (3.0.1) lib/active_record/connection_adapters/sqlite3_adapter.rb:24:in `sqlite3_connection'
  activerecord (3.0.1) lib/active_record/connection_adapters/abstract/connection_pool.rb:230:in `send'
  activerecord (3.0.1) lib/active_record/connection_adapters/abstract/connection_pool.rb:230:in `new_connection'
  activerecord (3.0.1) lib/active_record/connection_adapters/abstract/connection_pool.rb:238:in `checkout_new_connection'
  activerecord (3.0.1) lib/active_record/connection_adapters/abstract/connection_pool.rb:194:in `checkout'
  activerecord (3.0.1) lib/active_record/connection_adapters/abstract/connection_pool.rb:190:in `loop'
  activerecord (3.0.1) lib/active_record/connection_adapters/abstract/connection_pool.rb:190:in `checkout'
  /System/Library/Frameworks/Ruby.framework/Versions/1.8/usr/lib/ruby/1.8/monitor.rb:242:in `synchronize'
  activerecord (3.0.1) lib/active_record/connection_adapters/abstract/connection_pool.rb:189:in `checkout'
  activerecord (3.0.1) lib/active_record/connection_adapters/abstract/connection_pool.rb:96:in `connection'
  activerecord (3.0.1) lib/active_record/connection_adapters/abstract/connection_pool.rb:318:in `retrieve_connection'
  activerecord (3.0.1) lib/active_record/connection_adapters/abstract/connection_specification.rb:97:in `retrieve_connection'
  activerecord (3.0.1) lib/active_record/connection_adapters/abstract/connection_specification.rb:89:in `connection'
  activerecord (3.0.1) lib/active_record/query_cache.rb:12:in `cache'
  activerecord (3.0.1) lib/active_record/query_cache.rb:31:in `call'
  activerecord (3.0.1) lib/active_record/connection_adapters/abstract/connection_pool.rb:355:in `call'
  actionpack (3.0.1) lib/action_dispatch/middleware/callbacks.rb:46:in `call'
  activesupport (3.0.1) lib/active_support/callbacks.rb:415:in `_run_call_callbacks'
  actionpack (3.0.1) lib/action_dispatch/middleware/callbacks.rb:44:in `call'
  rack (1.2.1) lib/rack/sendfile.rb:107:in `call'
  actionpack (3.0.1) lib/action_dispatch/middleware/remote_ip.rb:48:in `call'
  actionpack (3.0.1) lib/action_dispatch/middleware/show_exceptions.rb:46:in `call'
  railties (3.0.1) lib/rails/rack/logger.rb:13:in `call'
  rack (1.2.1) lib/rack/runtime.rb:17:in `call'
  activesupport (3.0.1) lib/active_support/cache/strategy/local_cache.rb:72:in `call'
  rack (1.2.1) lib/rack/lock.rb:11:in `call'
  rack (1.2.1) lib/rack/lock.rb:11:in `synchronize'
  rack (1.2.1) lib/rack/lock.rb:11:in `call'
  actionpack (3.0.1) lib/action_dispatch/middleware/static.rb:30:in `call'
  railties (3.0.1) lib/rails/application.rb:168:in `call'
  railties (3.0.1) lib/rails/application.rb:77:in `send'
  railties (3.0.1) lib/rails/application.rb:77:in `method_missing'
  railties (3.0.1) lib/rails/rack/log_tailer.rb:14:in `call'
  rack (1.2.1) lib/rack/content_length.rb:13:in `call'
  rack (1.2.1) lib/rack/chunked.rb:15:in `call'
  rack (1.2.1) lib/rack/handler/mongrel.rb:67:in `process'
  mongrel (1.1.5) lib/mongrel.rb:159:in `process_client'
  mongrel (1.1.5) lib/mongrel.rb:158:in `each'
  mongrel (1.1.5) lib/mongrel.rb:158:in `process_client'
  mongrel (1.1.5) lib/mongrel.rb:285:in `run'
  mongrel (1.1.5) lib/mongrel.rb:285:in `initialize'
  mongrel (1.1.5) lib/mongrel.rb:285:in `new'
  mongrel (1.1.5) lib/mongrel.rb:285:in `run'
  mongrel (1.1.5) lib/mongrel.rb:268:in `initialize'
  mongrel (1.1.5) lib/mongrel.rb:268:in `new'
  mongrel (1.1.5) lib/mongrel.rb:268:in `run'
  rack (1.2.1) lib/rack/handler/mongrel.rb:38:in `run'
  rack (1.2.1) lib/rack/server.rb:213:in `start'
  railties (3.0.1) lib/rails/commands/server.rb:65:in `start'
  railties (3.0.1) lib/rails/commands.rb:30
  railties (3.0.1) lib/rails/commands.rb:27:in `tap'
  railties (3.0.1) lib/rails/commands.rb:27
  script/rails:6:in `require'
  script/rails:6
  -e:1:in `load'
  -e:1

Rendered /Library/Ruby/Gems/1.8/gems/actionpack-3.0.1/lib/action_dispatch/middleware/templates/rescues/_trace.erb (1.0ms)
Rendered /Library/Ruby/Gems/1.8/gems/actionpack-3.0.1/lib/action_dispatch/middleware/templates/rescues/_request_and_response.erb (2.7ms)
Rendered /Library/Ruby/Gems/1.8/gems/actionpack-3.0.1/lib/action_dispatch/middleware/templates/rescues/diagnostics.erb within rescues/layout (9.6ms)


Started GET "/home" for 127.0.0.1 at Thu Nov 04 21:22:29 -0700 2010

LoadError (no such file to load -- sqlite3):
  activesupport (3.0.1) lib/active_support/dependencies.rb:239:in `require'
  activesupport (3.0.1) lib/active_support/dependencies.rb:239:in `require'
  activesupport (3.0.1) lib/active_support/dependencies.rb:225:in `load_dependency'
  activesupport (3.0.1) lib/active_support/dependencies.rb:591:in `new_constants_in'
  activesupport (3.0.1) lib/active_support/dependencies.rb:225:in `load_dependency'
  activesupport (3.0.1) lib/active_support/dependencies.rb:239:in `require'
  activesupport (3.0.1) lib/active_support/core_ext/kernel/requires.rb:9:in `require_library_or_gem'
  activesupport (3.0.1) lib/active_support/core_ext/kernel/reporting.rb:11:in `silence_warnings'
  activesupport (3.0.1) lib/active_support/core_ext/kernel/reporting.rb:22:in `with_warnings'
  activesupport (3.0.1) lib/active_support/core_ext/kernel/reporting.rb:11:in `silence_warnings'
  activesupport (3.0.1) lib/active_support/core_ext/kernel/requires.rb:7:in `require_library_or_gem'
  activerecord (3.0.1) lib/active_record/connection_adapters/sqlite3_adapter.rb:24:in `sqlite3_connection'
  activerecord (3.0.1) lib/active_record/connection_adapters/abstract/connection_pool.rb:230:in `send'
  activerecord (3.0.1) lib/active_record/connection_adapters/abstract/connection_pool.rb:230:in `new_connection'
  activerecord (3.0.1) lib/active_record/connection_adapters/abstract/connection_pool.rb:238:in `checkout_new_connection'
  activerecord (3.0.1) lib/active_record/connection_adapters/abstract/connection_pool.rb:194:in `checkout'
  activerecord (3.0.1) lib/active_record/connection_adapters/abstract/connection_pool.rb:190:in `loop'
  activerecord (3.0.1) lib/active_record/connection_adapters/abstract/connection_pool.rb:190:in `checkout'
  /System/Library/Frameworks/Ruby.framework/Versions/1.8/usr/lib/ruby/1.8/monitor.rb:242:in `synchronize'
  activerecord (3.0.1) lib/active_record/connection_adapters/abstract/connection_pool.rb:189:in `checkout'
  activerecord (3.0.1) lib/active_record/connection_adapters/abstract/connection_pool.rb:96:in `connection'
  activerecord (3.0.1) lib/active_record/connection_adapters/abstract/connection_pool.rb:318:in `retrieve_connection'
  activerecord (3.0.1) lib/active_record/connection_adapters/abstract/connection_specification.rb:97:in `retrieve_connection'
  activerecord (3.0.1) lib/active_record/connection_adapters/abstract/connection_specification.rb:89:in `connection'
  activerecord (3.0.1) lib/active_record/query_cache.rb:12:in `cache'
  activerecord (3.0.1) lib/active_record/query_cache.rb:31:in `call'
  activerecord (3.0.1) lib/active_record/connection_adapters/abstract/connection_pool.rb:355:in `call'
  actionpack (3.0.1) lib/action_dispatch/middleware/callbacks.rb:46:in `call'
  activesupport (3.0.1) lib/active_support/callbacks.rb:415:in `_run_call_callbacks'
  actionpack (3.0.1) lib/action_dispatch/middleware/callbacks.rb:44:in `call'
  rack (1.2.1) lib/rack/sendfile.rb:107:in `call'
  actionpack (3.0.1) lib/action_dispatch/middleware/remote_ip.rb:48:in `call'
  actionpack (3.0.1) lib/action_dispatch/middleware/show_exceptions.rb:46:in `call'
  railties (3.0.1) lib/rails/rack/logger.rb:13:in `call'
  rack (1.2.1) lib/rack/runtime.rb:17:in `call'
  activesupport (3.0.1) lib/active_support/cache/strategy/local_cache.rb:72:in `call'
  rack (1.2.1) lib/rack/lock.rb:11:in `call'
  rack (1.2.1) lib/rack/lock.rb:11:in `synchronize'
  rack (1.2.1) lib/rack/lock.rb:11:in `call'
  actionpack (3.0.1) lib/action_dispatch/middleware/static.rb:30:in `call'
  railties (3.0.1) lib/rails/application.rb:168:in `call'
  railties (3.0.1) lib/rails/application.rb:77:in `send'
  railties (3.0.1) lib/rails/application.rb:77:in `method_missing'
  railties (3.0.1) lib/rails/rack/log_tailer.rb:14:in `call'
  rack (1.2.1) lib/rack/content_length.rb:13:in `call'
  rack (1.2.1) lib/rack/chunked.rb:15:in `call'
  rack (1.2.1) lib/rack/handler/mongrel.rb:67:in `process'
  mongrel (1.1.5) lib/mongrel.rb:159:in `process_client'
  mongrel (1.1.5) lib/mongrel.rb:158:in `each'
  mongrel (1.1.5) lib/mongrel.rb:158:in `process_client'
  mongrel (1.1.5) lib/mongrel.rb:285:in `run'
  mongrel (1.1.5) lib/mongrel.rb:285:in `initialize'
  mongrel (1.1.5) lib/mongrel.rb:285:in `new'
  mongrel (1.1.5) lib/mongrel.rb:285:in `run'
  mongrel (1.1.5) lib/mongrel.rb:268:in `initialize'
  mongrel (1.1.5) lib/mongrel.rb:268:in `new'
  mongrel (1.1.5) lib/mongrel.rb:268:in `run'
  rack (1.2.1) lib/rack/handler/mongrel.rb:38:in `run'
  rack (1.2.1) lib/rack/server.rb:213:in `start'
  railties (3.0.1) lib/rails/commands/server.rb:65:in `start'
  railties (3.0.1) lib/rails/commands.rb:30
  railties (3.0.1) lib/rails/commands.rb:27:in `tap'
  railties (3.0.1) lib/rails/commands.rb:27
  script/rails:6:in `require'
  script/rails:6
  -e:1:in `load'
  -e:1

Rendered /Library/Ruby/Gems/1.8/gems/actionpack-3.0.1/lib/action_dispatch/middleware/templates/rescues/_trace.erb (1.0ms)
Rendered /Library/Ruby/Gems/1.8/gems/actionpack-3.0.1/lib/action_dispatch/middleware/templates/rescues/_request_and_response.erb (1.4ms)
Rendered /Library/Ruby/Gems/1.8/gems/actionpack-3.0.1/lib/action_dispatch/middleware/templates/rescues/diagnostics.erb within rescues/layout (6.6ms)


Started GET "/home" for 127.0.0.1 at Thu Nov 04 21:22:41 -0700 2010
  Processing by HomeController#index as HTML
  [1m[36mSQL (70.0ms)[0m  [1mdescribe `games_platforms`[0m
  [1m[35mSQL (48.8ms)[0m  SHOW TABLES
  [1m[36mGame Load (1.1ms)[0m  [1mSELECT `games`.* FROM `games` ORDER BY title ASC[0m
  [1m[35mPublisher Load (0.4ms)[0m  SELECT `publishers`.* FROM `publishers` WHERE (`publishers`.`id` = 2) LIMIT 1
  [1m[36mPublisher Load (0.3ms)[0m  [1mSELECT `publishers`.* FROM `publishers` WHERE (`publishers`.`id` = 5) LIMIT 1[0m
  [1m[35mCACHE (0.0ms)[0m  SELECT `publishers`.* FROM `publishers` WHERE (`publishers`.`id` = 5) LIMIT 1
  [1m[36mCACHE (0.0ms)[0m  [1mSELECT `publishers`.* FROM `publishers` WHERE (`publishers`.`id` = 5) LIMIT 1[0m
  [1m[35mCACHE (0.0ms)[0m  SELECT `publishers`.* FROM `publishers` WHERE (`publishers`.`id` = 2) LIMIT 1
  [1m[36mPublisher Load (0.3ms)[0m  [1mSELECT `publishers`.* FROM `publishers` WHERE (`publishers`.`id` = 4) LIMIT 1[0m
Rendered home/index.html.erb within layouts/standard (124.0ms)
Completed 200 OK in 328ms (Views: 147.7ms | ActiveRecord: 120.9ms)


Started GET "/home/add_to_cart/1" for 127.0.0.1 at Thu Nov 04 21:26:46 -0700 2010
  Processing by HomeController#add_to_cart as HTML
  Parameters: {"id"=>"1"}
  [1m[35mSQL (2.1ms)[0m  describe `games_platforms`
  [1m[36mGame Load (0.6ms)[0m  [1mSELECT `games`.* FROM `games` WHERE (`games`.`id` = 1) LIMIT 1[0m
Redirected to http://localhost:3000/home/show_cart
Completed 302 Found in 50ms


Started GET "/home/show_cart" for 127.0.0.1 at Thu Nov 04 21:26:46 -0700 2010
  [1m[35mSQL (1.2ms)[0m  describe `games_platforms`
  Processing by HomeController#show_cart as HTML
  [1m[36mPublisher Load (0.6ms)[0m  [1mSELECT `publishers`.* FROM `publishers` WHERE (`publishers`.`id` = 2) LIMIT 1[0m
Rendered home/show_cart.html.erb within layouts/standard (57.7ms)
Completed 200 OK in 62ms (Views: 60.5ms | ActiveRecord: 1.9ms)
